12-04-2022 19:27:35 [INFO ] (MainScreen:64) - Create log_net_entreprises.log successfully
12-04-2022 21:22:36 [INFO ] (MainScreen:64) - Create log_seo-tools.log successfully
12-04-2022 21:59:43 [INFO ] (MainScreen:65) - Create log_seo-tools.log successfully
12-04-2022 22:01:17 [INFO ] (MainScreen:55) - Create log_seo-tools.log successfully
12-04-2022 22:02:13 [INFO ] (MainScreen:55) - Create log_seo-tools.log successfully
12-04-2022 22:03:16 [INFO ] (MainScreen:55) - Create log_seo-tools.log successfully
12-04-2022 22:04:10 [INFO ] (MainScreen:55) - Create log_seo-tools.log successfully
12-04-2022 22:05:06 [INFO ] (MainScreen:55) - Create log_seo-tools.log successfully
12-04-2022 22:13:26 [INFO ] (MainScreen:55) - Create log_seo-tools.log successfully
12-04-2022 22:14:38 [INFO ] (MainScreen:57) - Create log_seo-tools.log successfully
12-04-2022 22:16:25 [INFO ] (MainScreen:57) - Create log_seo-tools.log successfully
12-04-2022 22:17:54 [INFO ] (MainScreen:57) - Create log_seo-tools.log successfully
12-04-2022 22:18:47 [INFO ] (MainScreen:57) - Create log_seo-tools.log successfully
12-04-2022 22:21:22 [INFO ] (MainScreen:57) - Create log_seo-tools.log successfully
12-04-2022 22:22:51 [INFO ] (MainScreen:57) - Create log_seo-tools.log successfully
12-04-2022 22:23:28 [INFO ] (MainScreen:57) - Create log_seo-tools.log successfully
12-04-2022 22:26:19 [INFO ] (MainScreen:57) - Create log_seo-tools.log successfully
12-04-2022 22:28:53 [INFO ] (MainScreen:57) - Create log_seo-tools.log successfully
12-04-2022 22:31:54 [INFO ] (MainScreen:57) - Create log_seo-tools.log successfully
12-04-2022 22:33:02 [INFO ] (MainScreen:57) - Create log_seo-tools.log successfully
12-04-2022 22:35:32 [INFO ] (MainScreen:57) - Create log_seo-tools.log successfully
12-04-2022 22:39:19 [INFO ] (MainScreen:57) - Create log_seo-tools.log successfully
12-04-2022 22:44:05 [INFO ] (MainScreen:57) - Create log_seo-tools.log successfully
12-04-2022 22:48:03 [INFO ] (MainScreen:57) - Create log_seo-tools.log successfully
12-04-2022 22:51:16 [INFO ] (MainScreen:57) - Create log_seo-tools.log successfully
12-04-2022 22:53:29 [INFO ] (MainScreen:57) - Create log_seo-tools.log successfully
12-04-2022 23:01:34 [INFO ] (MainScreen:57) - Create log_seo-tools.log successfully
12-04-2022 23:03:10 [INFO ] (MainScreen:57) - Create log_seo-tools.log successfully
12-04-2022 23:04:10 [INFO ] (MainScreen:57) - Create log_seo-tools.log successfully
12-04-2022 23:31:58 [INFO ] (MainScreen:59) - Create log_seo-tools.log successfully
12-04-2022 23:34:00 [INFO ] (MainScreen:59) - Create log_seo-tools.log successfully
12-04-2022 23:35:45 [INFO ] (MainScreen:59) - Create log_seo-tools.log successfully
12-04-2022 23:38:33 [INFO ] (MainScreen:59) - Create log_seo-tools.log successfully
12-04-2022 23:39:28 [INFO ] (MainScreen:59) - Create log_seo-tools.log successfully
12-04-2022 23:40:07 [INFO ] (MainScreen:59) - Create log_seo-tools.log successfully
12-04-2022 23:43:11 [INFO ] (MainScreen:59) - Create log_seo-tools.log successfully
12-04-2022 23:46:05 [INFO ] (MainScreen:59) - Create log_seo-tools.log successfully
12-04-2022 23:50:02 [INFO ] (MainScreen:59) - Create log_seo-tools.log successfully
12-04-2022 23:51:35 [INFO ] (MainScreen:59) - Create log_seo-tools.log successfully
12-04-2022 23:54:39 [INFO ] (MainScreen:59) - Create log_seo-tools.log successfully
12-04-2022 23:56:09 [INFO ] (MainScreen:59) - Create log_seo-tools.log successfully
12-04-2022 23:58:48 [INFO ] (MainScreen:59) - Create log_seo-tools.log successfully
13-04-2022 00:01:51 [INFO ] (MainScreen:59) - Create log_seo-tools.log successfully
13-04-2022 00:07:35 [INFO ] (MainScreen:59) - Create log_seo-tools.log successfully
13-04-2022 00:11:08 [INFO ] (MainScreen:59) - Create log_seo-tools.log successfully
13-04-2022 00:12:03 [INFO ] (MainScreen:59) - Create log_seo-tools.log successfully
13-04-2022 00:17:24 [INFO ] (MainScreen:59) - Create log_seo-tools.log successfully
13-04-2022 00:24:23 [INFO ] (MainScreen:59) - Create log_seo-tools.log successfully
13-04-2022 00:25:45 [INFO ] (MainScreen:59) - Create log_seo-tools.log successfully
13-04-2022 00:27:06 [INFO ] (MainScreen:59) - Create log_seo-tools.log successfully
13-04-2022 00:38:50 [INFO ] (MainScreen:59) - Create log_seo-tools.log successfully
13-04-2022 00:40:00 [INFO ] (MainScreen:59) - Create log_seo-tools.log successfully
13-04-2022 00:46:30 [INFO ] (MainScreen:59) - Create log_seo-tools.log successfully
13-04-2022 00:47:49 [INFO ] (MainScreen:59) - Create log_seo-tools.log successfully
13-04-2022 00:49:19 [INFO ] (MainScreen:59) - Create log_seo-tools.log successfully
13-04-2022 00:50:23 [INFO ] (MainScreen:59) - Create log_seo-tools.log successfully
13-04-2022 00:51:31 [INFO ] (MainScreen:59) - Create log_seo-tools.log successfully
13-04-2022 00:55:18 [INFO ] (MainScreen:59) - Create log_seo-tools.log successfully
13-04-2022 00:56:20 [INFO ] (MainScreen:59) - Create log_seo-tools.log successfully
13-04-2022 01:28:39 [INFO ] (MainScreen:59) - Create log_seo-tools.log successfully
13-04-2022 01:34:19 [INFO ] (MainScreen:59) - Create log_seo-tools.log successfully
13-04-2022 01:44:08 [INFO ] (MainScreen:59) - Create log_seo-tools.log successfully
13-04-2022 01:46:43 [INFO ] (MainScreen:59) - Create log_seo-tools.log successfully
13-04-2022 01:47:46 [INFO ] (MainScreen:59) - Create log_seo-tools.log successfully
13-04-2022 01:49:45 [INFO ] (MainScreen:59) - Create log_seo-tools.log successfully
13-04-2022 01:52:33 [INFO ] (MainScreen:59) - Create log_seo-tools.log successfully
13-04-2022 01:55:05 [INFO ] (MainScreen:59) - Create log_seo-tools.log successfully
13-04-2022 01:55:52 [INFO ] (MainScreen:59) - Create log_seo-tools.log successfully
13-04-2022 01:59:19 [INFO ] (MainScreen:59) - Create log_seo-tools.log successfully
13-04-2022 02:01:01 [INFO ] (MainScreen:59) - Create log_seo-tools.log successfully
13-04-2022 02:30:24 [INFO ] (MainScreen:64) - Create log_seo-tools.log successfully
13-04-2022 02:30:24 [INFO ] (MainScreen:69) - Create screenshots folder successfully
13-04-2022 02:33:44 [INFO ] (MainScreen:64) - Create log_seo-tools.log successfully
13-04-2022 02:34:55 [INFO ] (WordpressBot:68) - Posted https://youtu.be/AGx7OIlhI9w to Wordpress
13-04-2022 02:38:23 [INFO ] (MainScreen:64) - Create log_seo-tools.log successfully
13-04-2022 02:40:18 [INFO ] (MainScreen:64) - Create log_seo-tools.log successfully
13-04-2022 02:48:41 [INFO ] (MainScreen:64) - Create log_seo-tools.log successfully
13-04-2022 02:49:20 [INFO ] (WordpressBot:71) - Posted https://youtu.be/AGx7OIlhI9w to Wordpress
13-04-2022 02:49:45 [INFO ] (TumblrBot:56) - Posted https://youtu.be/AGx7OIlhI9w to Tumblr
13-04-2022 03:02:17 [INFO ] (MainScreen:75) - Create log_seo-tools.log successfully
13-04-2022 03:04:06 [INFO ] (MainScreen:75) - Create log_seo-tools.log successfully
13-04-2022 03:06:13 [INFO ] (MainScreen:75) - Create log_seo-tools.log successfully
13-04-2022 03:14:24 [INFO ] (MainScreen:75) - Create log_seo-tools.log successfully
13-04-2022 03:15:40 [INFO ] (WordpressBot:49) - There is tour guide, just press skip
13-04-2022 03:15:56 [INFO ] (WordpressBot:71) - Posted https://youtu.be/AGx7OIlhI9w to Wordpress user kimnguyenvn085
13-04-2022 03:17:45 [INFO ] (MainScreen:75) - Create log_seo-tools.log successfully
13-04-2022 03:18:36 [INFO ] (WordpressBot:49) - There is tour guide, just press skip
13-04-2022 03:18:52 [INFO ] (WordpressBot:71) - Posted https://youtu.be/AGx7OIlhI9w to Wordpress user kimnguyenvn085
13-04-2022 03:19:17 [INFO ] (TumblrBot:57) - Posted https://youtu.be/AGx7OIlhI9w to Tumblr for user kimnguyen085@gmail.com
13-04-2022 03:20:52 [INFO ] (MainScreen:74) - Create log_seo-tools.log successfully
13-04-2022 03:27:41 [INFO ] (MainScreen:74) - Create log_seo-tools.log successfully
13-04-2022 13:46:11 [INFO ] (MainScreen:81) - Create log_seo-tools.log successfully
13-04-2022 13:47:53 [INFO ] (MainScreen:81) - Create log_seo-tools.log successfully
13-04-2022 13:52:06 [INFO ] (MainScreen:81) - Create log_seo-tools.log successfully
13-04-2022 13:52:37 [INFO ] (BczBot:47) - There is tour guide, just press skip
13-04-2022 13:53:01 [INFO ] (BczBot:68) - Posted https://youtu.be/AGx7OIlhI9w to Bcz user kimnguyenvn085@gmail.com
13-04-2022 14:25:13 [INFO ] (MainScreen:78) - Create log_seo-tools.log successfully
13-04-2022 14:25:58 [INFO ] (MainScreen:78) - Create log_seo-tools.log successfully
13-04-2022 14:27:28 [INFO ] (MainScreen:78) - Create log_seo-tools.log successfully
13-04-2022 14:31:15 [INFO ] (MainScreen:78) - Create log_seo-tools.log successfully
13-04-2022 14:33:38 [INFO ] (MainScreen:78) - Create log_seo-tools.log successfully
13-04-2022 14:33:45 [INFO ] (MainScreen:78) - Create log_seo-tools.log successfully
13-04-2022 14:37:54 [INFO ] (MainScreen:78) - Create log_seo-tools.log successfully
13-04-2022 15:41:39 [INFO ] (MainScreen:78) - Create log_seo-tools.log successfully
13-04-2022 16:39:49 [INFO ] (MainScreen:78) - Create log_seo-tools.log successfully
13-04-2022 16:41:04 [INFO ] (MainScreen:78) - Create log_seo-tools.log successfully
13-04-2022 16:41:35 [INFO ] (VingleBot:60) - Posted https://youtu.be/AGx7OIlhI9w to Vingle for user kimnguyenvn085
13-04-2022 17:08:26 [INFO ] (MainScreen:78) - Create log_seo-tools.log successfully
13-04-2022 17:09:40 [INFO ] (MainScreen:78) - Create log_seo-tools.log successfully
13-04-2022 17:11:37 [INFO ] (MainScreen:78) - Create log_seo-tools.log successfully
13-04-2022 17:12:42 [INFO ] (ElloCoBot:59) - Posted https://youtu.be/AGx7OIlhI9w to ElloCo for user inoxtrihieu
13-04-2022 17:14:01 [INFO ] (MainScreen:78) - Create log_seo-tools.log successfully
13-04-2022 17:14:31 [INFO ] (ElloCoBot:59) - Posted https://youtu.be/AGx7OIlhI9w to ElloCo for user inoxtrihieu
13-04-2022 17:30:15 [INFO ] (MainScreen:78) - Create log_seo-tools.log successfully
13-04-2022 17:30:47 [INFO ] (ElloCoBot:63) - Posted <html><a href='https://youtu.be/AGx7OIlhI9w'>https://youtu.be/AGx7OIlhI9w</a></html> to ElloCo for user inoxtrihieu
13-04-2022 17:33:00 [INFO ] (MainScreen:78) - Create log_seo-tools.log successfully
13-04-2022 17:38:43 [INFO ] (MainScreen:78) - Create log_seo-tools.log successfully
13-04-2022 17:39:18 [INFO ] (MainScreen:78) - Create log_seo-tools.log successfully
13-04-2022 18:54:29 [INFO ] (MainScreen:78) - Create log_seo-tools.log successfully
13-04-2022 18:55:20 [INFO ] (MainScreen:78) - Create log_seo-tools.log successfully
13-04-2022 18:56:10 [INFO ] (MainScreen:78) - Create log_seo-tools.log successfully
13-04-2022 22:44:34 [INFO ] (MainScreen:78) - Create log_seo-tools.log successfully
13-04-2022 22:46:02 [INFO ] (MainScreen:78) - Create log_seo-tools.log successfully
13-04-2022 22:48:46 [INFO ] (MainScreen:78) - Create log_seo-tools.log successfully
13-04-2022 22:49:29 [INFO ] (MainScreen:78) - Create log_seo-tools.log successfully
13-04-2022 22:50:43 [INFO ] (MainScreen:78) - Create log_seo-tools.log successfully
13-04-2022 22:53:02 [INFO ] (MainScreen:78) - Create log_seo-tools.log successfully
13-04-2022 22:53:07 [INFO ] (MainScreen:78) - Create log_seo-tools.log successfully
13-04-2022 22:54:04 [INFO ] (MainScreen:78) - Create log_seo-tools.log successfully
13-04-2022 22:57:48 [INFO ] (MainScreen:78) - Create log_seo-tools.log successfully
13-04-2022 22:58:38 [INFO ] (MainScreen:78) - Create log_seo-tools.log successfully
13-04-2022 22:59:58 [INFO ] (MainScreen:78) - Create log_seo-tools.log successfully
13-04-2022 23:00:27 [INFO ] (ElloCoBot:87) - Posted https://youtu.be/AGx7OIlhI9w to ElloCo for user inoxtrihieu
13-04-2022 23:16:31 [INFO ] (MainScreen:78) - Create log_seo-tools.log successfully
13-04-2022 23:17:22 [INFO ] (MainScreen:78) - Create log_seo-tools.log successfully
13-04-2022 23:18:40 [INFO ] (MainScreen:78) - Create log_seo-tools.log successfully
13-04-2022 23:19:09 [INFO ] (GetPocketBot:49) - Posted https://youtu.be/AGx7OIlhI9w to GetPocket for user kimnguyenvn085@gmail.com
13-04-2022 23:31:44 [INFO ] (MainScreen:78) - Create log_seo-tools.log successfully
13-04-2022 23:32:28 [INFO ] (MainScreen:78) - Create log_seo-tools.log successfully
13-04-2022 23:34:42 [INFO ] (MainScreen:78) - Create log_seo-tools.log successfully
13-04-2022 23:36:34 [INFO ] (MainScreen:78) - Create log_seo-tools.log successfully
13-04-2022 23:38:17 [INFO ] (MainScreen:78) - Create log_seo-tools.log successfully
13-04-2022 23:40:39 [INFO ] (MainScreen:78) - Create log_seo-tools.log successfully
13-04-2022 23:44:31 [INFO ] (MainScreen:78) - Create log_seo-tools.log successfully
13-04-2022 23:47:44 [INFO ] (MainScreen:78) - Create log_seo-tools.log successfully
13-04-2022 23:49:25 [INFO ] (MainScreen:78) - Create log_seo-tools.log successfully
13-04-2022 23:50:11 [INFO ] (ScoopItBot:53) - Posted https://youtu.be/AGx7OIlhI9w to GetPocket for user kimnguyenvn085@gmail.com
13-04-2022 23:58:17 [INFO ] (MainScreen:78) - Create log_seo-tools.log successfully
13-04-2022 23:58:45 [INFO ] (ScoopItBot:56) - Posted https://youtu.be/AGx7OIlhI9w to ScoopIt for user kimnguyenvn085@gmail.com
14-04-2022 00:16:04 [INFO ] (MainScreen:78) - Create log_seo-tools.log successfully
14-04-2022 00:18:10 [INFO ] (MainScreen:78) - Create log_seo-tools.log successfully
14-04-2022 00:19:03 [INFO ] (MainScreen:78) - Create log_seo-tools.log successfully
14-04-2022 00:20:02 [INFO ] (MainScreen:78) - Create log_seo-tools.log successfully
14-04-2022 00:20:29 [INFO ] (MainScreen:78) - Create log_seo-tools.log successfully
14-04-2022 00:34:19 [INFO ] (MainScreen:78) - Create log_seo-tools.log successfully
14-04-2022 00:34:46 [INFO ] (FlipboardBot:29) - There is cookie policy, just press skip
14-04-2022 00:35:42 [INFO ] (FlipboardBot:29) - There is cookie policy, just press skip
14-04-2022 00:36:12 [INFO ] (MainScreen:78) - Create log_seo-tools.log successfully
14-04-2022 00:36:27 [INFO ] (FlipboardBot:29) - There is cookie policy, just press skip
14-04-2022 00:38:18 [INFO ] (MainScreen:78) - Create log_seo-tools.log successfully
14-04-2022 00:38:30 [INFO ] (MainScreen:78) - Create log_seo-tools.log successfully
14-04-2022 00:40:44 [INFO ] (MainScreen:78) - Create log_seo-tools.log successfully
14-04-2022 00:41:02 [INFO ] (FlipboardBot:29) - There is cookie policy, just press skip
14-04-2022 00:44:41 [INFO ] (MainScreen:78) - Create log_seo-tools.log successfully
14-04-2022 00:44:58 [INFO ] (FlipboardBot:29) - There is cookie policy, just press skip
14-04-2022 00:45:20 [INFO ] (FlipboardBot:63) - Posted https://youtu.be/AGx7OIlhI9w to ScoopIt for user kimnguyenvn085@gmail.com
